2025-01-28 14:41:52 [main] INFO  EmployeeRepository - Employee Repository created with size
2025-01-28 14:41:52 [main] INFO  EmployeeRepository - Added new employee:
2025-01-28 14:45:09 [main] INFO  EmployeeRepository - Employee Repository created with size
2025-01-28 14:45:09 [main] INFO  EmployeeRepository - Added new employee:
2025-01-28 14:49:51 [main] INFO  EmployeeRepository - Employee Repository created with size
2025-01-28 14:49:51 [main] INFO  EmployeeRepository - Added new employee:
2025-01-28 14:50:09 [main] INFO  EmployeeRepository - Employee Repository created with size
2025-01-28 14:50:09 [main] INFO  EmployeeRepository - Added new employee:
2025-01-28 14:52:41 [main] INFO  EmployeeRepository - Employee Repository created with size
2025-01-28 14:52:42 [main] INFO  EmployeeRepository - Added new employee:
2025-01-28 14:53:38 [main] INFO  EmployeeRepository - Employee Repository created with size
2025-01-28 14:53:38 [main] INFO  EmployeeRepository - Added new employee:
2025-01-28 14:53:47 [main] INFO  EmployeeRepository - Employee Repository created with size
2025-01-28 14:53:47 [main] INFO  EmployeeRepository - Added new employee:
2025-01-28 14:54:59 [main] INFO  EmployeeRepository - Employee Repository created with size
2025-01-28 14:54:59 [main] INFO  EmployeeRepository - Added new employee:
2025-01-28 14:56:11 [main] INFO  EmployeeRepository - Employee Repository created with size
2025-01-28 14:56:11 [main] INFO  EmployeeRepository - Added new employee:
2025-01-28 14:56:17 [main] INFO  EmployeeRepository - Employee Repository created with size
2025-01-28 14:56:17 [main] INFO  EmployeeRepository - Added new employee:
2025-01-28 14:57:57 [main] INFO  EmployeeRepository - Employee Repository created with size
2025-01-28 14:57:57 [main] INFO  EmployeeRepository - Added new employee:
2025-01-28 14:58:39 [main] INFO  EmployeeRepository - Employee Repository created with size
2025-01-28 14:58:39 [main] INFO  EmployeeRepository - Added new employee:
2025-01-28 14:59:00 [main] INFO  EmployeeRepository - Employee Repository created with size
2025-01-28 14:59:00 [main] INFO  EmployeeRepository - Added new employee:
2025-01-28 14:59:26 [main] INFO  EmployeeRepository - Employee Repository created with size
2025-01-28 14:59:26 [main] INFO  EmployeeRepository - Added new employee:
2025-01-28 15:00:07 [main] INFO  EmployeeRepository - Employee Repository created with size
2025-01-28 15:00:07 [main] INFO  EmployeeRepository - Added new employee:
2025-01-28 15:01:42 [main] INFO  EmployeeRepository - Employee Repository created with size
2025-01-28 15:01:42 [main] INFO  EmployeeRepository - Added new employee:
2025-01-28 15:02:18 [main] INFO  EmployeeRepository - Employee Repository created with size
2025-01-28 15:02:18 [main] INFO  EmployeeRepository - Added new employee:
2025-01-28 15:05:04 [main] INFO  EmployeeRepository - Employee Repository created with size
2025-01-28 15:05:04 [main] INFO  EmployeeRepository - Added new employee:
2025-01-28 15:10:17 [main] INFO  EmployeeRepository - Employee Repository created with size
2025-01-28 15:10:17 [main] INFO  EmployeeRepository - Added new employee:
2025-01-28 15:12:44 [main] INFO  EmployeeRepository - Employee Repository created with size
2025-01-28 15:12:44 [main] INFO  EmployeeRepository - Added new employee:
2025-01-28 15:17:14 [main] INFO  EmployeeRepository - Employee Repository created with size
2025-01-28 15:17:14 [main] INFO  EmployeeRepository - Added new employee:
2025-01-28 15:20:41 [main] INFO  EmployeeRepository - Employee Repository created with size
2025-01-28 15:20:41 [main] INFO  EmployeeRepository - Added new employee:
2025-01-28 15:21:46 [main] INFO  EmployeeRepository - Employee Repository created with size
2025-01-28 15:21:46 [main] INFO  EmployeeRepository - Added new employee:
2025-01-28 15:23:12 [main] INFO  EmployeeRepository - Employee Repository created with size
2025-01-28 15:23:12 [main] INFO  EmployeeRepository - Added new employee:
2025-01-28 15:24:06 [main] INFO  EmployeeRepository - Employee Repository created with size
2025-01-28 15:24:06 [main] INFO  EmployeeRepository - Added new employee:
2025-01-28 15:27:29 [main] INFO  EmployeeRepository - Employee Repository created with size
2025-01-28 15:27:29 [main] INFO  EmployeeRepository - Added new employee:
2025-01-28 15:27:29 [main] WARN  EmployeeRepository - Employee found with given id
2025-01-28 15:28:55 [main] INFO  EmployeeRepository - Employee Repository created with size
2025-01-28 15:28:55 [main] INFO  EmployeeRepository - Added new employee:
2025-01-28 15:28:55 [main] WARN  EmployeeRepository - Employee found with given id
2025-01-28 15:29:24 [main] INFO  EmployeeRepository - Employee Repository created with size
2025-01-28 15:29:24 [main] INFO  EmployeeRepository - Added new employee:
2025-01-28 15:29:24 [main] WARN  EmployeeRepository - Employee found with given id
2025-01-28 15:29:44 [main] INFO  EmployeeRepository - Employee Repository created with size
2025-01-28 15:29:44 [main] INFO  EmployeeRepository - Added new employee:
2025-01-28 15:29:44 [main] WARN  EmployeeRepository - Employee found with given id
2025-01-28 15:31:37 [main] INFO  EmployeeRepository - Employee Repository created with size
2025-01-28 15:31:37 [main] INFO  EmployeeRepository - Added new employee:
2025-01-28 15:31:37 [main] INFO  EmployeeRepository - Employee with give id found
2025-01-28 15:40:03 [main] INFO  EmployeeRepository - Employee Repository created with size
2025-01-28 15:40:03 [main] INFO  EmployeeRepository - Added new employee:
2025-01-28 15:40:03 [main] INFO  EmployeeRepository - Employee with give id found
2025-01-28 15:40:03 [main] INFO  EmployeeRepository - Employee found with matching String or Department
2025-01-28 15:43:05 [main] INFO  EmployeeRepository - Employee Repository created with size
2025-01-28 15:43:05 [main] INFO  EmployeeRepository - Added new employee:
2025-01-28 15:43:05 [main] INFO  EmployeeRepository - Employee with give id found
2025-01-28 15:43:05 [main] INFO  EmployeeRepository - Employee found with matching String or Department
2025-01-28 15:43:05 [main] INFO  EmployeeRepository - Employee id updated
2025-01-28 15:43:05 [main] INFO  EmployeeRepository - Employee with give id found
2025-01-28 15:44:59 [main] INFO  EmployeeRepository - Employee Repository created with size
2025-01-28 15:44:59 [main] INFO  EmployeeRepository - Added new employee:
2025-01-28 15:44:59 [main] INFO  EmployeeRepository - Employee with give id found
2025-01-28 15:44:59 [main] INFO  EmployeeRepository - Employee found with matching String or Department
2025-01-28 15:44:59 [main] INFO  EmployeeRepository - Employee id updated
2025-01-28 15:44:59 [main] INFO  EmployeeRepository - Employee with give id found
2025-01-28 15:44:59 [main] INFO  EmployeeRepository - Employee department updated
