2025-01-28 17:43:16 [main] INFO  EmployeeRepository - Employee Repository created with size 10
2025-01-28 17:43:16 [main] INFO  EmployeeRepository - Added new employee with id 121
2025-01-28 17:43:16 [main] INFO  EmployeeRepository - Added new employee with id 122
2025-01-28 17:43:16 [main] INFO  EmployeeRepository - Added new employee with id 123
2025-01-28 17:43:16 [main] INFO  EmployeeRepository - Added new employee with id 124
2025-01-28 17:43:16 [main] INFO  EmployeeRepository - Added new employee with id 125
2025-01-28 17:43:16 [main] INFO  EmployeeRepository - Added new employee with id 126
2025-01-28 17:43:16 [main] INFO  EmployeeRepository - Added new employee with id 127
2025-01-28 17:43:16 [main] INFO  EmployeeRepository - Added new employee with id 128
2025-01-28 17:43:16 [main] INFO  EmployeeRepository - Added new employee with id 129
2025-01-28 17:43:16 [main] INFO  EmployeeRepository - Added new employee with id 130
2025-01-28 17:43:16 [main] ERROR EmployeeRepository - Employee size is over
2025-01-28 17:43:16 [main] INFO  EmployeeRepository - Employee with give id found
2025-01-28 17:43:16 [main] INFO  EmployeeRepository - Employee found with matching name
2025-01-28 17:43:16 [main] INFO  EmployeeRepository - Employee found with matching name
2025-01-28 17:43:16 [main] INFO  EmployeeRepository - Employee found with matching age
2025-01-28 17:43:16 [main] INFO  EmployeeRepository - Employee id updated
2025-01-28 17:43:16 [main] INFO  EmployeeRepository - Employee age updated
2025-01-28 17:43:16 [main] INFO  EmployeeRepository - Name updated successfully
2025-01-28 17:54:18 [main] INFO  EmployeeRepository - Employee Repository created with size 10
2025-01-28 17:54:18 [main] INFO  EmployeeRepository - Added new employee with id 121
2025-01-28 17:54:18 [main] INFO  EmployeeRepository - Added new employee with id 122
2025-01-28 17:54:18 [main] INFO  EmployeeRepository - Added new employee with id 123
2025-01-28 17:54:18 [main] INFO  EmployeeRepository - Added new employee with id 124
2025-01-28 17:54:18 [main] INFO  EmployeeRepository - Added new employee with id 125
2025-01-28 17:54:18 [main] INFO  EmployeeRepository - Added new employee with id 126
2025-01-28 17:54:18 [main] INFO  EmployeeRepository - Added new employee with id 127
2025-01-28 17:54:18 [main] INFO  EmployeeRepository - Added new employee with id 128
2025-01-28 17:54:18 [main] INFO  EmployeeRepository - Added new employee with id 129
2025-01-28 17:54:18 [main] INFO  EmployeeRepository - Added new employee with id 130
2025-01-28 17:54:18 [main] ERROR EmployeeRepository - Employee size is over
2025-01-28 17:54:18 [main] INFO  EmployeeRepository - Employee with give id found
2025-01-28 17:54:18 [main] INFO  EmployeeRepository - Employee found with matching name
2025-01-28 17:54:18 [main] INFO  EmployeeRepository - Employee found with matching name
2025-01-28 17:54:18 [main] INFO  EmployeeRepository - Employee found with matching age
2025-01-28 17:54:18 [main] INFO  EmployeeRepository - Employee id updated
2025-01-28 17:54:18 [main] INFO  EmployeeRepository - Employee age updated
2025-01-28 17:54:18 [main] INFO  EmployeeRepository - Name updated successfully
2025-01-28 17:56:05 [main] INFO  EmployeeRepository - Employee Repository created with size 10
2025-01-28 17:56:05 [main] INFO  EmployeeRepository - Added new employee with id 121
2025-01-28 17:56:05 [main] INFO  EmployeeRepository - Added new employee with id 122
2025-01-28 17:56:05 [main] INFO  EmployeeRepository - Added new employee with id 123
2025-01-28 17:56:05 [main] INFO  EmployeeRepository - Added new employee with id 124
2025-01-28 17:56:05 [main] INFO  EmployeeRepository - Added new employee with id 125
2025-01-28 17:56:05 [main] INFO  EmployeeRepository - Added new employee with id 126
2025-01-28 17:56:05 [main] INFO  EmployeeRepository - Added new employee with id 127
2025-01-28 17:56:05 [main] INFO  EmployeeRepository - Added new employee with id 128
2025-01-28 17:56:05 [main] INFO  EmployeeRepository - Added new employee with id 129
2025-01-28 17:56:05 [main] INFO  EmployeeRepository - Added new employee with id 130
2025-01-28 17:56:05 [main] ERROR EmployeeRepository - Employee size is over
2025-01-28 17:56:05 [main] INFO  EmployeeRepository - Employee with give id found
2025-01-28 17:56:05 [main] INFO  EmployeeRepository - Employee found with matching name
2025-01-28 17:56:05 [main] INFO  EmployeeRepository - Employee found with matching name
2025-01-28 17:56:05 [main] INFO  EmployeeRepository - Employee found with matching age
2025-01-28 17:56:05 [main] INFO  EmployeeRepository - Employee id updated
2025-01-28 17:56:05 [main] INFO  EmployeeRepository - Employee age updated
2025-01-28 17:56:05 [main] INFO  EmployeeRepository - Name updated successfully
2025-01-28 17:56:05 [main] INFO  EmployeeRepository - Returning all employees
